2025-07-09 19:14:23.231: [INFO][Sync] Reset engine, reason: 8
2025-07-09 19:14:23.231: [INFO][Sync] Stopped: Bookmarks
2025-07-09 19:14:23.231: [INFO][Sync] Stopped: Preferences
2025-07-09 19:14:23.231: [INFO][Sync] Stopped: Passwords
2025-07-09 19:14:23.231: [INFO][Sync] Stopped: Autofill Profiles
2025-07-09 19:14:23.231: [INFO][Sync] Stopped: Autofill
2025-07-09 19:14:23.231: [INFO][Sync] Stopped: Extensions
2025-07-09 19:14:23.231: [INFO][Sync] Stopped: Sessions
2025-07-09 19:14:23.231: [INFO][Sync] Stopped: Extension settings
2025-07-09 19:14:23.231: [INFO][Sync] Stopped: History Delete Directives
2025-07-09 19:14:23.231: [INFO][Sync] Stopped: Device Info
2025-07-09 19:14:23.231: [INFO][Sync] Stopped: User Consents
2025-07-09 19:14:23.231: [INFO][Sync] Stopped: Send Tab To Self
2025-07-09 19:14:23.231: [INFO][Sync] Stopped: Web Apps
2025-07-09 19:14:23.231: [INFO][Sync] Stopped: History
2025-07-09 19:14:23.231: [INFO][Sync] Stopped: Saved Tab Group
2025-07-09 19:14:23.231: [INFO][Sync] Stopped: WebAuthn Credentials
2025-07-09 19:14:23.231: [INFO][Sync] Stopped: Collection
2025-07-09 19:14:23.231: [INFO][Sync] Stopped: Edge E Drop
2025-07-09 19:14:23.231: [INFO][Sync] Stopped: Edge Hub App Usage
2025-07-09 19:14:23.231: [INFO][Sync] Stopped: Edge Wallet
2025-07-09 19:14:23.232: [INFO][Sync] SyncState after authenticated was: NotSignedIn
2025-07-09 19:14:23.531: [INFO][Sync] Reset engine, reason: 8
2025-07-09 19:14:23.531: [INFO][Sync] Stopped: Bookmarks
2025-07-09 19:14:23.531: [INFO][Sync] Stopped: Preferences
2025-07-09 19:14:23.531: [INFO][Sync] Stopped: Passwords
2025-07-09 19:14:23.531: [INFO][Sync] Stopped: Autofill Profiles
2025-07-09 19:14:23.531: [INFO][Sync] Stopped: Autofill
2025-07-09 19:14:23.531: [INFO][Sync] Stopped: Extensions
2025-07-09 19:14:23.531: [INFO][Sync] Stopped: Sessions
2025-07-09 19:14:23.531: [INFO][Sync] Stopped: Extension settings
2025-07-09 19:14:23.531: [INFO][Sync] Stopped: History Delete Directives
2025-07-09 19:14:23.531: [INFO][Sync] Stopped: Device Info
2025-07-09 19:14:23.531: [INFO][Sync] Stopped: User Consents
2025-07-09 19:14:23.531: [INFO][Sync] Stopped: Send Tab To Self
2025-07-09 19:14:23.531: [INFO][Sync] Stopped: Web Apps
2025-07-09 19:14:23.531: [INFO][Sync] Stopped: History
2025-07-09 19:14:23.531: [INFO][Sync] Stopped: Saved Tab Group
2025-07-09 19:14:23.531: [INFO][Sync] Stopped: WebAuthn Credentials
2025-07-09 19:14:23.531: [INFO][Sync] Stopped: Collection
2025-07-09 19:14:23.531: [INFO][Sync] Stopped: Edge E Drop
2025-07-09 19:14:23.531: [INFO][Sync] Stopped: Edge Hub App Usage
2025-07-09 19:14:23.531: [INFO][Sync] Stopped: Edge Wallet
2025-07-09 19:17:04.308: [INFO][Sync] Reset engine, reason: 0
2025-07-09 19:18:36.046: [INFO][Sync] SyncState after authenticated was: FeatureNotSetup
2025-07-09 19:21:12.430: [INFO][Sync] Reset engine, reason: 0
2025-07-09 19:21:49.685: [INFO][Sync] SyncState after authenticated was: FeatureNotSetup
2025-07-09 19:30:23.690: [INFO][Sync] Reset engine, reason: 0
2025-07-09 19:31:18.883: [INFO][Sync] SyncState after authenticated was: FeatureNotSetup
2025-07-09 19:35:46.642: [INFO][Sync] Reset engine, reason: 0
2025-07-09 19:38:07.733: [INFO][Sync] SyncState after authenticated was: FeatureNotSetup
2025-07-09 19:38:43.925: [INFO][Sync] Reset engine, reason: 0
2025-07-09 19:39:22.956: [INFO][Sync] SyncState after authenticated was: FeatureNotSetup
2025-07-09 19:40:29.885: [INFO][Sync] Reset engine, reason: 0
2025-07-09 19:41:44.731: [INFO][Sync] SyncState after authenticated was: FeatureNotSetup
2025-07-09 19:44:32.319: [INFO][Sync] Reset engine, reason: 0
2025-07-09 19:47:57.632: [INFO][Sync] SyncState after authenticated was: FeatureNotSetup
2025-07-09 19:49:48.453: [INFO][Sync] Reset engine, reason: 0
2025-07-09 19:54:19.077: [INFO][Sync] SyncState after authenticated was: FeatureNotSetup
2025-07-09 19:54:47.423: [INFO][Sync] Reset engine, reason: 0
