2025-07-09 19:14:23.400: [INFO] VisibilityChanged: 0
2025-07-09 19:14:23.451: [INFO] RecordSyncInitDuration has_sync_been_enabled: 0 state: 0
2025-07-09 19:14:23.452: [INFO] RecordSyncInitDuration has_sync_been_enabled: 0 state: 0
2025-07-09 19:14:23.455: [INFO] RecordSyncInitDuration has_sync_been_enabled: 0 state: 0
2025-07-09 19:14:23.457: [INFO] RecordSyncInitDuration has_sync_been_enabled: 0 state: 0
2025-07-09 19:14:23.458: [INFO] RecordSyncInitDuration has_sync_been_enabled: 0 state: 0
2025-07-09 19:14:23.460: [INFO] RecordSyncInitDuration has_sync_been_enabled: 0 state: 0
2025-07-09 19:14:23.461: [INFO] RecordSyncInitDuration has_sync_been_enabled: 0 state: 0
2025-07-09 19:14:23.462: [INFO] RecordSyncInitDuration has_sync_been_enabled: 0 state: 0
2025-07-09 19:14:23.463: [INFO] RecordSyncInitDuration has_sync_been_enabled: 0 state: 0
2025-07-09 19:14:23.464: [INFO] RecordSyncInitDuration has_sync_been_enabled: 0 state: 0
2025-07-09 19:14:23.465: [INFO] RecordSyncInitDuration has_sync_been_enabled: 0 state: 0
2025-07-09 19:14:23.475: [INFO] BookmarkModelLoaded, ids_reassigned: 0
2025-07-09 19:14:23.475: [INFO] OnDoneLoading sync enabled: 0
2025-07-09 19:14:23.533: [INFO] RecordSyncInitDuration has_sync_been_enabled: 0 state: 0
2025-07-09 19:14:24.222: [INFO] RecordSyncInitDuration has_sync_been_enabled: 0 state: 0
2025-07-09 19:14:24.224: [INFO] Primary account changed.
2025-07-09 19:14:24.224: [INFO] OnPrimaryAccountChanged PrimaryAccountChangeEvent::Type::kSet
2025-07-09 19:14:24.226: [INFO] RecordSyncInitDuration has_sync_been_enabled: 0 state: 0
2025-07-09 19:14:24.227: [INFO] RecordSyncInitDuration has_sync_been_enabled: 0 state: 0
2025-07-09 19:18:36.476: [INFO] VisibilityChanged: 0
2025-07-09 19:18:36.534: [INFO] BookmarkModelLoaded, ids_reassigned: 0
2025-07-09 19:18:36.534: [INFO] OnDoneLoading sync enabled: 0
2025-07-09 19:21:49.820: [INFO] VisibilityChanged: 0
2025-07-09 19:21:49.879: [INFO] BookmarkModelLoaded, ids_reassigned: 0
2025-07-09 19:21:49.879: [INFO] OnDoneLoading sync enabled: 0
2025-07-09 19:31:19.017: [INFO] VisibilityChanged: 0
2025-07-09 19:31:19.074: [INFO] BookmarkModelLoaded, ids_reassigned: 0
2025-07-09 19:31:19.074: [INFO] OnDoneLoading sync enabled: 0
2025-07-09 19:38:07.864: [INFO] VisibilityChanged: 0
2025-07-09 19:38:07.925: [INFO] BookmarkModelLoaded, ids_reassigned: 0
2025-07-09 19:38:07.925: [INFO] OnDoneLoading sync enabled: 0
2025-07-09 19:39:23.087: [INFO] VisibilityChanged: 0
2025-07-09 19:39:23.144: [INFO] BookmarkModelLoaded, ids_reassigned: 0
2025-07-09 19:39:23.144: [INFO] OnDoneLoading sync enabled: 0
2025-07-09 19:41:44.865: [INFO] VisibilityChanged: 0
2025-07-09 19:41:44.923: [INFO] BookmarkModelLoaded, ids_reassigned: 0
2025-07-09 19:41:44.923: [INFO] OnDoneLoading sync enabled: 0
2025-07-09 19:47:57.764: [INFO] VisibilityChanged: 0
2025-07-09 19:47:57.826: [INFO] BookmarkModelLoaded, ids_reassigned: 0
2025-07-09 19:47:57.826: [INFO] OnDoneLoading sync enabled: 0
2025-07-09 19:54:19.214: [INFO] VisibilityChanged: 0
2025-07-09 19:54:19.271: [INFO] BookmarkModelLoaded, ids_reassigned: 0
2025-07-09 19:54:19.271: [INFO] OnDoneLoading sync enabled: 0
